[2025-04-14T11:01:18.811Z] [31MERROR[39M: uncaughtException: тип Unable to compile TypeScript:
[96msrc/modules/banner/banner.routes.ts[0m:[93m2[0m:[93m30[0m - [91merror[0m[90m TS2307: [0mCannot find module '../controllers/bannerController' or its corresponding type declarations.

[7m2[0m import bannerController from "../controllers/bannerController";
[7m [0m [91m                             ~~~~~~~~~~~~~~~~~~~~~~~~~~~~~~~~~[0m

TSError: тип Unable to compile TypeScript:
[96msrc/modules/banner/banner.routes.ts[0m:[93m2[0m:[93m30[0m - [91merror[0m[90m TS2307: [0mCannot find module '../controllers/bannerController' or its corresponding type declarations.

[7m2[0m import bannerController from "../controllers/bannerController";
[7m [0m [91m                             ~~~~~~~~~~~~~~~~~~~~~~~~~~~~~~~~~[0m

    at createTSError (/home/abdelrahman-aboalkhair/Projects/WEB/code/full-stack-ecommerce/server/node_modules/ts-node/src/index.ts:859:12)
    at reportTSError (/home/abdelrahman-aboalkhair/Projects/WEB/code/full-stack-ecommerce/server/node_modules/ts-node/src/index.ts:863:19)
    at getOutput (/home/abdelrahman-aboalkhair/Projects/WEB/code/full-stack-ecommerce/server/node_modules/ts-node/src/index.ts:1077:36)
    at Object.compile (/home/abdelrahman-aboalkhair/Projects/WEB/code/full-stack-ecommerce/server/node_modules/ts-node/src/index.ts:1433:41)
    at Module.m._compile (/home/abdelrahman-aboalkhair/Projects/WEB/code/full-stack-ecommerce/server/node_modules/ts-node/src/index.ts:1617:30)
    at loadTS (node:internal/modules/cjs/loader:1815:10)
    at Object.require.extensions.<computed> [as .ts] (/home/abdelrahman-aboalkhair/Projects/WEB/code/full-stack-ecommerce/server/node_modules/ts-node/src/index.ts:1621:12)
    at Module.load (node:internal/modules/cjs/loader:1458:32)
    at Function._load (node:internal/modules/cjs/loader:1275:12)
    at TracingChannel.traceSync (node:diagnostics_channel:322:14)
[2025-04-14T11:01:24.103Z] [31MERROR[39M: uncaughtException: тип Unable to compile TypeScript:
[96msrc/modules/banner/banner.routes.ts[0m:[93m2[0m:[93m30[0m - [91merror[0m[90m TS2307: [0mCannot find module '../controllers/bannerController' or its corresponding type declarations.

[7m2[0m import bannerController from "../controllers/bannerController";
[7m [0m [91m                             ~~~~~~~~~~~~~~~~~~~~~~~~~~~~~~~~~[0m

TSError: тип Unable to compile TypeScript:
[96msrc/modules/banner/banner.routes.ts[0m:[93m2[0m:[93m30[0m - [91merror[0m[90m TS2307: [0mCannot find module '../controllers/bannerController' or its corresponding type declarations.

[7m2[0m import bannerController from "../controllers/bannerController";
[7m [0m [91m                             ~~~~~~~~~~~~~~~~~~~~~~~~~~~~~~~~~[0m

    at createTSError (/home/abdelrahman-aboalkhair/Projects/WEB/code/full-stack-ecommerce/server/node_modules/ts-node/src/index.ts:859:12)
    at reportTSError (/home/abdelrahman-aboalkhair/Projects/WEB/code/full-stack-ecommerce/server/node_modules/ts-node/src/index.ts:863:19)
    at getOutput (/home/abdelrahman-aboalkhair/Projects/WEB/code/full-stack-ecommerce/server/node_modules/ts-node/src/index.ts:1077:36)
    at Object.compile (/home/abdelrahman-aboalkhair/Projects/WEB/code/full-stack-ecommerce/server/node_modules/ts-node/src/index.ts:1433:41)
    at Module.m._compile (/home/abdelrahman-aboalkhair/Projects/WEB/code/full-stack-ecommerce/server/node_modules/ts-node/src/index.ts:1617:30)
    at loadTS (node:internal/modules/cjs/loader:1815:10)
    at Object.require.extensions.<computed> [as .ts] (/home/abdelrahman-aboalkhair/Projects/WEB/code/full-stack-ecommerce/server/node_modules/ts-node/src/index.ts:1621:12)
    at Module.load (node:internal/modules/cjs/loader:1458:32)
    at Function._load (node:internal/modules/cjs/loader:1275:12)
    at TracingChannel.traceSync (node:diagnostics_channel:322:14)
[2025-04-14T11:01:47.592Z] [31MERROR[39M: uncaughtException: тип Unable to compile TypeScript:
[96msrc/infra/passport/passport.ts[0m:[93m6[0m:[93m10[0m - [91merror[0m[90m TS2305: [0mModule '"@/shared/utils/authUtils"' has no exported member 'oauthCallback'.

[7m6[0m import { oauthCallback } from "@/shared/utils/authUtils";
[7m [0m [91m         ~~~~~~~~~~~~~[0m

TSError: тип Unable to compile TypeScript:
[96msrc/infra/passport/passport.ts[0m:[93m6[0m:[93m10[0m - [91merror[0m[90m TS2305: [0mModule '"@/shared/utils/authUtils"' has no exported member 'oauthCallback'.

[7m6[0m import { oauthCallback } from "@/shared/utils/authUtils";
[7m [0m [91m         ~~~~~~~~~~~~~[0m

    at createTSError (/home/abdelrahman-aboalkhair/Projects/WEB/code/full-stack-ecommerce/server/node_modules/ts-node/src/index.ts:859:12)
    at reportTSError (/home/abdelrahman-aboalkhair/Projects/WEB/code/full-stack-ecommerce/server/node_modules/ts-node/src/index.ts:863:19)
    at getOutput (/home/abdelrahman-aboalkhair/Projects/WEB/code/full-stack-ecommerce/server/node_modules/ts-node/src/index.ts:1077:36)
    at Object.compile (/home/abdelrahman-aboalkhair/Projects/WEB/code/full-stack-ecommerce/server/node_modules/ts-node/src/index.ts:1433:41)
    at Module.m._compile (/home/abdelrahman-aboalkhair/Projects/WEB/code/full-stack-ecommerce/server/node_modules/ts-node/src/index.ts:1617:30)
    at loadTS (node:internal/modules/cjs/loader:1815:10)
    at Object.require.extensions.<computed> [as .ts] (/home/abdelrahman-aboalkhair/Projects/WEB/code/full-stack-ecommerce/server/node_modules/ts-node/src/index.ts:1621:12)
    at Module.load (node:internal/modules/cjs/loader:1458:32)
    at Function._load (node:internal/modules/cjs/loader:1275:12)
    at TracingChannel.traceSync (node:diagnostics_channel:322:14)
