[2025-04-04T06:13:38.575Z] [31MERROR[39M: uncaughtException: тип Unable to compile TypeScript:
[96msrc/services/authService.ts[0m:[93m74[0m:[93m57[0m - [91merror[0m[90m TS2554: [0mExpected 1 arguments, but got 2.

[7m74[0m     const accessToken = generateAccessToken(newUser.id, newUser.role);
[7m  [0m [91m                                                        ~~~~~~~~~~~~[0m
[96msrc/services/authService.ts[0m:[93m75[0m:[93m59[0m - [91merror[0m[90m TS2345: [0mArgument of type 'ROLE' is not assignable to parameter of type 'number | undefined'.
  Type 'string' is not assignable to type 'number'.

[7m75[0m     const refreshToken = generateRefreshToken(newUser.id, newUser.role);
[7m  [0m [91m                                                          ~~~~~~~~~~~~[0m
[96msrc/services/authService.ts[0m:[93m169[0m:[93m60[0m - [91merror[0m[90m TS2554: [0mExpected 1 arguments, but got 2.

[7m169[0m     const accessToken = await generateAccessToken(user.id, user.role);
[7m   [0m [91m                                                           ~~~~~~~~~[0m
[96msrc/services/authService.ts[0m:[93m170[0m:[93m62[0m - [91merror[0m[90m TS2345: [0mArgument of type 'ROLE' is not assignable to parameter of type 'number | undefined'.
  Type 'string' is not assignable to type 'number'.

[7m170[0m     const refreshToken = await generateRefreshToken(user.id, user.role);
[7m   [0m [91m                                                             ~~~~~~~~~[0m
[96msrc/services/authService.ts[0m:[93m261[0m:[93m57[0m - [91merror[0m[90m TS2554: [0mExpected 1 arguments, but got 2.

[7m261[0m     const newAccessToken = generateAccessToken(user.id, user.role);
[7m   [0m [91m                                                        ~~~~~~~~~[0m
[96msrc/services/authService.ts[0m:[93m265[0m:[93m7[0m - [91merror[0m[90m TS2554: [0mExpected 1-2 arguments, but got 3.

[7m265[0m       absoluteExpiration
[7m   [0m [91m      ~~~~~~~~~~~~~~~~~~[0m

TSError: тип Unable to compile TypeScript:
[96msrc/services/authService.ts[0m:[93m74[0m:[93m57[0m - [91merror[0m[90m TS2554: [0mExpected 1 arguments, but got 2.

[7m74[0m     const accessToken = generateAccessToken(newUser.id, newUser.role);
[7m  [0m [91m                                                        ~~~~~~~~~~~~[0m
[96msrc/services/authService.ts[0m:[93m75[0m:[93m59[0m - [91merror[0m[90m TS2345: [0mArgument of type 'ROLE' is not assignable to parameter of type 'number | undefined'.
  Type 'string' is not assignable to type 'number'.

[7m75[0m     const refreshToken = generateRefreshToken(newUser.id, newUser.role);
[7m  [0m [91m                                                          ~~~~~~~~~~~~[0m
[96msrc/services/authService.ts[0m:[93m169[0m:[93m60[0m - [91merror[0m[90m TS2554: [0mExpected 1 arguments, but got 2.

[7m169[0m     const accessToken = await generateAccessToken(user.id, user.role);
[7m   [0m [91m                                                           ~~~~~~~~~[0m
[96msrc/services/authService.ts[0m:[93m170[0m:[93m62[0m - [91merror[0m[90m TS2345: [0mArgument of type 'ROLE' is not assignable to parameter of type 'number | undefined'.
  Type 'string' is not assignable to type 'number'.

[7m170[0m     const refreshToken = await generateRefreshToken(user.id, user.role);
[7m   [0m [91m                                                             ~~~~~~~~~[0m
[96msrc/services/authService.ts[0m:[93m261[0m:[93m57[0m - [91merror[0m[90m TS2554: [0mExpected 1 arguments, but got 2.

[7m261[0m     const newAccessToken = generateAccessToken(user.id, user.role);
[7m   [0m [91m                                                        ~~~~~~~~~[0m
[96msrc/services/authService.ts[0m:[93m265[0m:[93m7[0m - [91merror[0m[90m TS2554: [0mExpected 1-2 arguments, but got 3.

[7m265[0m       absoluteExpiration
[7m   [0m [91m      ~~~~~~~~~~~~~~~~~~[0m

    at createTSError (/home/abdelrahman-aboalkhair/Projects/WEB/code/full-stack-ecommerce/server/node_modules/ts-node/src/index.ts:859:12)
    at reportTSError (/home/abdelrahman-aboalkhair/Projects/WEB/code/full-stack-ecommerce/server/node_modules/ts-node/src/index.ts:863:19)
    at getOutput (/home/abdelrahman-aboalkhair/Projects/WEB/code/full-stack-ecommerce/server/node_modules/ts-node/src/index.ts:1077:36)
    at Object.compile (/home/abdelrahman-aboalkhair/Projects/WEB/code/full-stack-ecommerce/server/node_modules/ts-node/src/index.ts:1433:41)
    at Module.m._compile (/home/abdelrahman-aboalkhair/Projects/WEB/code/full-stack-ecommerce/server/node_modules/ts-node/src/index.ts:1617:30)
    at loadTS (node:internal/modules/cjs/loader:1815:10)
    at Object.require.extensions.<computed> [as .ts] (/home/abdelrahman-aboalkhair/Projects/WEB/code/full-stack-ecommerce/server/node_modules/ts-node/src/index.ts:1621:12)
    at Module.load (node:internal/modules/cjs/loader:1458:32)
    at Function._load (node:internal/modules/cjs/loader:1275:12)
    at TracingChannel.traceSync (node:diagnostics_channel:322:14)
[2025-04-04T06:14:00.392Z] [31MERROR[39M: uncaughtException: тип Unable to compile TypeScript:
[96msrc/services/authService.ts[0m:[93m169[0m:[93m60[0m - [91merror[0m[90m TS2554: [0mExpected 1 arguments, but got 2.

[7m169[0m     const accessToken = await generateAccessToken(user.id, user.role);
[7m   [0m [91m                                                           ~~~~~~~~~[0m
[96msrc/services/authService.ts[0m:[93m170[0m:[93m62[0m - [91merror[0m[90m TS2345: [0mArgument of type 'ROLE' is not assignable to parameter of type 'number | undefined'.
  Type 'string' is not assignable to type 'number'.

[7m170[0m     const refreshToken = await generateRefreshToken(user.id, user.role);
[7m   [0m [91m                                                             ~~~~~~~~~[0m
[96msrc/services/authService.ts[0m:[93m261[0m:[93m57[0m - [91merror[0m[90m TS2554: [0mExpected 1 arguments, but got 2.

[7m261[0m     const newAccessToken = generateAccessToken(user.id, user.role);
[7m   [0m [91m                                                        ~~~~~~~~~[0m
[96msrc/services/authService.ts[0m:[93m265[0m:[93m7[0m - [91merror[0m[90m TS2554: [0mExpected 1-2 arguments, but got 3.

[7m265[0m       absoluteExpiration
[7m   [0m [91m      ~~~~~~~~~~~~~~~~~~[0m

TSError: тип Unable to compile TypeScript:
[96msrc/services/authService.ts[0m:[93m169[0m:[93m60[0m - [91merror[0m[90m TS2554: [0mExpected 1 arguments, but got 2.

[7m169[0m     const accessToken = await generateAccessToken(user.id, user.role);
[7m   [0m [91m                                                           ~~~~~~~~~[0m
[96msrc/services/authService.ts[0m:[93m170[0m:[93m62[0m - [91merror[0m[90m TS2345: [0mArgument of type 'ROLE' is not assignable to parameter of type 'number | undefined'.
  Type 'string' is not assignable to type 'number'.

[7m170[0m     const refreshToken = await generateRefreshToken(user.id, user.role);
[7m   [0m [91m                                                             ~~~~~~~~~[0m
[96msrc/services/authService.ts[0m:[93m261[0m:[93m57[0m - [91merror[0m[90m TS2554: [0mExpected 1 arguments, but got 2.

[7m261[0m     const newAccessToken = generateAccessToken(user.id, user.role);
[7m   [0m [91m                                                        ~~~~~~~~~[0m
[96msrc/services/authService.ts[0m:[93m265[0m:[93m7[0m - [91merror[0m[90m TS2554: [0mExpected 1-2 arguments, but got 3.

[7m265[0m       absoluteExpiration
[7m   [0m [91m      ~~~~~~~~~~~~~~~~~~[0m

    at createTSError (/home/abdelrahman-aboalkhair/Projects/WEB/code/full-stack-ecommerce/server/node_modules/ts-node/src/index.ts:859:12)
    at reportTSError (/home/abdelrahman-aboalkhair/Projects/WEB/code/full-stack-ecommerce/server/node_modules/ts-node/src/index.ts:863:19)
    at getOutput (/home/abdelrahman-aboalkhair/Projects/WEB/code/full-stack-ecommerce/server/node_modules/ts-node/src/index.ts:1077:36)
    at Object.compile (/home/abdelrahman-aboalkhair/Projects/WEB/code/full-stack-ecommerce/server/node_modules/ts-node/src/index.ts:1433:41)
    at Module.m._compile (/home/abdelrahman-aboalkhair/Projects/WEB/code/full-stack-ecommerce/server/node_modules/ts-node/src/index.ts:1617:30)
    at loadTS (node:internal/modules/cjs/loader:1815:10)
    at Object.require.extensions.<computed> [as .ts] (/home/abdelrahman-aboalkhair/Projects/WEB/code/full-stack-ecommerce/server/node_modules/ts-node/src/index.ts:1621:12)
    at Module.load (node:internal/modules/cjs/loader:1458:32)
    at Function._load (node:internal/modules/cjs/loader:1275:12)
    at TracingChannel.traceSync (node:diagnostics_channel:322:14)
[2025-04-04T06:14:05.838Z] [31MERROR[39M: uncaughtException: тип Unable to compile TypeScript:
[96msrc/services/authService.ts[0m:[93m261[0m:[93m57[0m - [91merror[0m[90m TS2554: [0mExpected 1 arguments, but got 2.

[7m261[0m     const newAccessToken = generateAccessToken(user.id, user.role);
[7m   [0m [91m                                                        ~~~~~~~~~[0m
[96msrc/services/authService.ts[0m:[93m265[0m:[93m7[0m - [91merror[0m[90m TS2554: [0mExpected 1-2 arguments, but got 3.

[7m265[0m       absoluteExpiration
[7m   [0m [91m      ~~~~~~~~~~~~~~~~~~[0m

TSError: тип Unable to compile TypeScript:
[96msrc/services/authService.ts[0m:[93m261[0m:[93m57[0m - [91merror[0m[90m TS2554: [0mExpected 1 arguments, but got 2.

[7m261[0m     const newAccessToken = generateAccessToken(user.id, user.role);
[7m   [0m [91m                                                        ~~~~~~~~~[0m
[96msrc/services/authService.ts[0m:[93m265[0m:[93m7[0m - [91merror[0m[90m TS2554: [0mExpected 1-2 arguments, but got 3.

[7m265[0m       absoluteExpiration
[7m   [0m [91m      ~~~~~~~~~~~~~~~~~~[0m

    at createTSError (/home/abdelrahman-aboalkhair/Projects/WEB/code/full-stack-ecommerce/server/node_modules/ts-node/src/index.ts:859:12)
    at reportTSError (/home/abdelrahman-aboalkhair/Projects/WEB/code/full-stack-ecommerce/server/node_modules/ts-node/src/index.ts:863:19)
    at getOutput (/home/abdelrahman-aboalkhair/Projects/WEB/code/full-stack-ecommerce/server/node_modules/ts-node/src/index.ts:1077:36)
    at Object.compile (/home/abdelrahman-aboalkhair/Projects/WEB/code/full-stack-ecommerce/server/node_modules/ts-node/src/index.ts:1433:41)
    at Module.m._compile (/home/abdelrahman-aboalkhair/Projects/WEB/code/full-stack-ecommerce/server/node_modules/ts-node/src/index.ts:1617:30)
    at loadTS (node:internal/modules/cjs/loader:1815:10)
    at Object.require.extensions.<computed> [as .ts] (/home/abdelrahman-aboalkhair/Projects/WEB/code/full-stack-ecommerce/server/node_modules/ts-node/src/index.ts:1621:12)
    at Module.load (node:internal/modules/cjs/loader:1458:32)
    at Function._load (node:internal/modules/cjs/loader:1275:12)
    at TracingChannel.traceSync (node:diagnostics_channel:322:14)
[2025-04-04T06:14:11.087Z] [31MERROR[39M: uncaughtException: тип Unable to compile TypeScript:
[96msrc/services/authService.ts[0m:[93m265[0m:[93m7[0m - [91merror[0m[90m TS2554: [0mExpected 1-2 arguments, but got 3.

[7m265[0m       absoluteExpiration
[7m   [0m [91m      ~~~~~~~~~~~~~~~~~~[0m

TSError: тип Unable to compile TypeScript:
[96msrc/services/authService.ts[0m:[93m265[0m:[93m7[0m - [91merror[0m[90m TS2554: [0mExpected 1-2 arguments, but got 3.

[7m265[0m       absoluteExpiration
[7m   [0m [91m      ~~~~~~~~~~~~~~~~~~[0m

    at createTSError (/home/abdelrahman-aboalkhair/Projects/WEB/code/full-stack-ecommerce/server/node_modules/ts-node/src/index.ts:859:12)
    at reportTSError (/home/abdelrahman-aboalkhair/Projects/WEB/code/full-stack-ecommerce/server/node_modules/ts-node/src/index.ts:863:19)
    at getOutput (/home/abdelrahman-aboalkhair/Projects/WEB/code/full-stack-ecommerce/server/node_modules/ts-node/src/index.ts:1077:36)
    at Object.compile (/home/abdelrahman-aboalkhair/Projects/WEB/code/full-stack-ecommerce/server/node_modules/ts-node/src/index.ts:1433:41)
    at Module.m._compile (/home/abdelrahman-aboalkhair/Projects/WEB/code/full-stack-ecommerce/server/node_modules/ts-node/src/index.ts:1617:30)
    at loadTS (node:internal/modules/cjs/loader:1815:10)
    at Object.require.extensions.<computed> [as .ts] (/home/abdelrahman-aboalkhair/Projects/WEB/code/full-stack-ecommerce/server/node_modules/ts-node/src/index.ts:1621:12)
    at Module.load (node:internal/modules/cjs/loader:1458:32)
    at Function._load (node:internal/modules/cjs/loader:1275:12)
    at TracingChannel.traceSync (node:diagnostics_channel:322:14)
[2025-04-04T06:14:18.393Z] [31MERROR[39M: uncaughtException: тип Unable to compile TypeScript:
[96msrc/middlewares/authorizeRole.ts[0m:[93m6[0m:[93m54[0m - [91merror[0m[90m TS2339: [0mProperty 'role' does not exist on type '{ id: string; }'.

[7m6[0m     if (!req.user || !allowedRoles.includes(req.user.role)) {
[7m [0m [91m                                                     ~~~~[0m

TSError: тип Unable to compile TypeScript:
[96msrc/middlewares/authorizeRole.ts[0m:[93m6[0m:[93m54[0m - [91merror[0m[90m TS2339: [0mProperty 'role' does not exist on type '{ id: string; }'.

[7m6[0m     if (!req.user || !allowedRoles.includes(req.user.role)) {
[7m [0m [91m                                                     ~~~~[0m

    at createTSError (/home/abdelrahman-aboalkhair/Projects/WEB/code/full-stack-ecommerce/server/node_modules/ts-node/src/index.ts:859:12)
    at reportTSError (/home/abdelrahman-aboalkhair/Projects/WEB/code/full-stack-ecommerce/server/node_modules/ts-node/src/index.ts:863:19)
    at getOutput (/home/abdelrahman-aboalkhair/Projects/WEB/code/full-stack-ecommerce/server/node_modules/ts-node/src/index.ts:1077:36)
    at Object.compile (/home/abdelrahman-aboalkhair/Projects/WEB/code/full-stack-ecommerce/server/node_modules/ts-node/src/index.ts:1433:41)
    at Module.m._compile (/home/abdelrahman-aboalkhair/Projects/WEB/code/full-stack-ecommerce/server/node_modules/ts-node/src/index.ts:1617:30)
    at loadTS (node:internal/modules/cjs/loader:1815:10)
    at Object.require.extensions.<computed> [as .ts] (/home/abdelrahman-aboalkhair/Projects/WEB/code/full-stack-ecommerce/server/node_modules/ts-node/src/index.ts:1621:12)
    at Module.load (node:internal/modules/cjs/loader:1458:32)
    at Function._load (node:internal/modules/cjs/loader:1275:12)
    at TracingChannel.traceSync (node:diagnostics_channel:322:14)
[2025-04-04T06:15:29.530Z] [31MERROR[39M: uncaughtException: тип Unable to compile TypeScript:
[96msrc/controllers/orderController.ts[0m:[93m36[0m:[93m32[0m - [91merror[0m[90m TS2339: [0mProperty 'role' does not exist on type '{ id: string; }'.

[7m36[0m     const userRole = req.user?.role; // From protect middleware
[7m  [0m [91m                               ~~~~[0m

TSError: тип Unable to compile TypeScript:
[96msrc/controllers/orderController.ts[0m:[93m36[0m:[93m32[0m - [91merror[0m[90m TS2339: [0mProperty 'role' does not exist on type '{ id: string; }'.

[7m36[0m     const userRole = req.user?.role; // From protect middleware
[7m  [0m [91m                               ~~~~[0m

    at createTSError (/home/abdelrahman-aboalkhair/Projects/WEB/code/full-stack-ecommerce/server/node_modules/ts-node/src/index.ts:859:12)
    at reportTSError (/home/abdelrahman-aboalkhair/Projects/WEB/code/full-stack-ecommerce/server/node_modules/ts-node/src/index.ts:863:19)
    at getOutput (/home/abdelrahman-aboalkhair/Projects/WEB/code/full-stack-ecommerce/server/node_modules/ts-node/src/index.ts:1077:36)
    at Object.compile (/home/abdelrahman-aboalkhair/Projects/WEB/code/full-stack-ecommerce/server/node_modules/ts-node/src/index.ts:1433:41)
    at Module.m._compile (/home/abdelrahman-aboalkhair/Projects/WEB/code/full-stack-ecommerce/server/node_modules/ts-node/src/index.ts:1617:30)
    at loadTS (node:internal/modules/cjs/loader:1815:10)
    at Object.require.extensions.<computed> [as .ts] (/home/abdelrahman-aboalkhair/Projects/WEB/code/full-stack-ecommerce/server/node_modules/ts-node/src/index.ts:1621:12)
    at Module.load (node:internal/modules/cjs/loader:1458:32)
    at Function._load (node:internal/modules/cjs/loader:1275:12)
    at TracingChannel.traceSync (node:diagnostics_channel:322:14)
[2025-04-04T06:15:56.678Z] [31MERROR[39M: uncaughtException: тип Unable to compile TypeScript:
[96msrc/controllers/orderController.ts[0m:[93m37[0m:[93m46[0m - [91merror[0m[90m TS2554: [0mExpected 3 arguments, but got 2.

[7m37[0m     const tracking = await this.orderService.updateTrackingStatus(
[7m  [0m [91m                                             ~~~~~~~~~~~~~~~~~~~~[0m

  [96msrc/services/orderService.ts[0m:[93m32[0m:[93m5[0m
    [7m32[0m     userRole: string
    [7m  [0m [96m    ~~~~~~~~~~~~~~~~[0m
    An argument for 'userRole' was not provided.

TSError: тип Unable to compile TypeScript:
[96msrc/controllers/orderController.ts[0m:[93m37[0m:[93m46[0m - [91merror[0m[90m TS2554: [0mExpected 3 arguments, but got 2.

[7m37[0m     const tracking = await this.orderService.updateTrackingStatus(
[7m  [0m [91m                                             ~~~~~~~~~~~~~~~~~~~~[0m

  [96msrc/services/orderService.ts[0m:[93m32[0m:[93m5[0m
    [7m32[0m     userRole: string
    [7m  [0m [96m    ~~~~~~~~~~~~~~~~[0m
    An argument for 'userRole' was not provided.

    at createTSError (/home/abdelrahman-aboalkhair/Projects/WEB/code/full-stack-ecommerce/server/node_modules/ts-node/src/index.ts:859:12)
    at reportTSError (/home/abdelrahman-aboalkhair/Projects/WEB/code/full-stack-ecommerce/server/node_modules/ts-node/src/index.ts:863:19)
    at getOutput (/home/abdelrahman-aboalkhair/Projects/WEB/code/full-stack-ecommerce/server/node_modules/ts-node/src/index.ts:1077:36)
    at Object.compile (/home/abdelrahman-aboalkhair/Projects/WEB/code/full-stack-ecommerce/server/node_modules/ts-node/src/index.ts:1433:41)
    at Module.m._compile (/home/abdelrahman-aboalkhair/Projects/WEB/code/full-stack-ecommerce/server/node_modules/ts-node/src/index.ts:1617:30)
    at loadTS (node:internal/modules/cjs/loader:1815:10)
    at Object.require.extensions.<computed> [as .ts] (/home/abdelrahman-aboalkhair/Projects/WEB/code/full-stack-ecommerce/server/node_modules/ts-node/src/index.ts:1621:12)
    at Module.load (node:internal/modules/cjs/loader:1458:32)
    at Function._load (node:internal/modules/cjs/loader:1275:12)
    at TracingChannel.traceSync (node:diagnostics_channel:322:14)
[2025-04-04T06:16:12.172Z] [31MERROR[39M: uncaughtException: тип Unable to compile TypeScript:
[96msrc/controllers/orderController.ts[0m:[93m40[0m:[93m7[0m - [91merror[0m[90m TS2304: [0mCannot find name 'userRole'.

[7m40[0m       userRole: "ADMIN" // Assuming userRole is passed in the request
[7m  [0m [91m      ~~~~~~~~[0m
[96msrc/controllers/orderController.ts[0m:[93m40[0m:[93m17[0m - [91merror[0m[90m TS2554: [0mExpected 3 arguments, but got 4.

[7m40[0m       userRole: "ADMIN" // Assuming userRole is passed in the request
[7m  [0m [91m                ~~~~~~~[0m
[96msrc/controllers/orderController.ts[0m:[93m40[0m:[93m15[0m - [91merror[0m[90m TS1005: [0m',' expected.

[7m40[0m       userRole: "ADMIN" // Assuming userRole is passed in the request
[7m  [0m [91m              ~[0m

TSError: тип Unable to compile TypeScript:
[96msrc/controllers/orderController.ts[0m:[93m40[0m:[93m7[0m - [91merror[0m[90m TS2304: [0mCannot find name 'userRole'.

[7m40[0m       userRole: "ADMIN" // Assuming userRole is passed in the request
[7m  [0m [91m      ~~~~~~~~[0m
[96msrc/controllers/orderController.ts[0m:[93m40[0m:[93m17[0m - [91merror[0m[90m TS2554: [0mExpected 3 arguments, but got 4.

[7m40[0m       userRole: "ADMIN" // Assuming userRole is passed in the request
[7m  [0m [91m                ~~~~~~~[0m
[96msrc/controllers/orderController.ts[0m:[93m40[0m:[93m15[0m - [91merror[0m[90m TS1005: [0m',' expected.

[7m40[0m       userRole: "ADMIN" // Assuming userRole is passed in the request
[7m  [0m [91m              ~[0m

    at createTSError (/home/abdelrahman-aboalkhair/Projects/WEB/code/full-stack-ecommerce/server/node_modules/ts-node/src/index.ts:859:12)
    at reportTSError (/home/abdelrahman-aboalkhair/Projects/WEB/code/full-stack-ecommerce/server/node_modules/ts-node/src/index.ts:863:19)
    at getOutput (/home/abdelrahman-aboalkhair/Projects/WEB/code/full-stack-ecommerce/server/node_modules/ts-node/src/index.ts:1077:36)
    at Object.compile (/home/abdelrahman-aboalkhair/Projects/WEB/code/full-stack-ecommerce/server/node_modules/ts-node/src/index.ts:1433:41)
    at Module.m._compile (/home/abdelrahman-aboalkhair/Projects/WEB/code/full-stack-ecommerce/server/node_modules/ts-node/src/index.ts:1617:30)
    at loadTS (node:internal/modules/cjs/loader:1815:10)
    at Object.require.extensions.<computed> [as .ts] (/home/abdelrahman-aboalkhair/Projects/WEB/code/full-stack-ecommerce/server/node_modules/ts-node/src/index.ts:1621:12)
    at Module.load (node:internal/modules/cjs/loader:1458:32)
    at Function._load (node:internal/modules/cjs/loader:1275:12)
    at TracingChannel.traceSync (node:diagnostics_channel:322:14)
[2025-04-04T06:16:19.101Z] [31MERROR[39M: uncaughtException: тип Unable to compile TypeScript:
[96msrc/middlewares/optionalAuth.ts[0m:[93m26[0m:[93m34[0m - [91merror[0m[90m TS2353: [0mObject literal may only specify known properties, and 'emailVerified' does not exist in type '{ id: string; }'.

[7m26[0m         req.user = { ...decoded, emailVerified: user.emailVerified };
[7m  [0m [91m                                 ~~~~~~~~~~~~~[0m

TSError: тип Unable to compile TypeScript:
[96msrc/middlewares/optionalAuth.ts[0m:[93m26[0m:[93m34[0m - [91merror[0m[90m TS2353: [0mObject literal may only specify known properties, and 'emailVerified' does not exist in type '{ id: string; }'.

[7m26[0m         req.user = { ...decoded, emailVerified: user.emailVerified };
[7m  [0m [91m                                 ~~~~~~~~~~~~~[0m

    at createTSError (/home/abdelrahman-aboalkhair/Projects/WEB/code/full-stack-ecommerce/server/node_modules/ts-node/src/index.ts:859:12)
    at reportTSError (/home/abdelrahman-aboalkhair/Projects/WEB/code/full-stack-ecommerce/server/node_modules/ts-node/src/index.ts:863:19)
    at getOutput (/home/abdelrahman-aboalkhair/Projects/WEB/code/full-stack-ecommerce/server/node_modules/ts-node/src/index.ts:1077:36)
    at Object.compile (/home/abdelrahman-aboalkhair/Projects/WEB/code/full-stack-ecommerce/server/node_modules/ts-node/src/index.ts:1433:41)
    at Module.m._compile (/home/abdelrahman-aboalkhair/Projects/WEB/code/full-stack-ecommerce/server/node_modules/ts-node/src/index.ts:1617:30)
    at loadTS (node:internal/modules/cjs/loader:1815:10)
    at Object.require.extensions.<computed> [as .ts] (/home/abdelrahman-aboalkhair/Projects/WEB/code/full-stack-ecommerce/server/node_modules/ts-node/src/index.ts:1621:12)
    at Module.load (node:internal/modules/cjs/loader:1458:32)
    at Function._load (node:internal/modules/cjs/loader:1275:12)
    at TracingChannel.traceSync (node:diagnostics_channel:322:14)
